<?xml version="1.0" encoding="UTF-8"?>
<testsuite name="bmps.statement.processor.domain.TransactionTest" tests="1" skipped="0" failures="0" errors="0" timestamp="2022-11-27T21:38:01" hostname="LAPTOP-2OQND3PS" time="0.032">
  <properties/>
  <testcase name="testToString()" classname="bmps.statement.processor.domain.TransactionTest" time="0.032"/>
  <system-out><![CDATA[]]></system-out>
  <system-err><![CDATA[]]></system-err>
</testsuite>
